<?xml version="1.0" encoding="UTF-8"?>
<robot generator="Robot 4.1.1 (Python 3.9.1 on darwin)" generated="20211031 21:40:02.599" rpa="false" schemaversion="2">
<suite id="s1" name="Dropdown Without Csv" source="/Users/mukeshtiwari/Documents/shastra/ncore_app/robotframework-dropdown-sample/dropdown_without_csv.robot">
<kw name="Browser Setup" type="SETUP">
<kw name="Open Browser" library="SeleniumLibrary">
<arg>${URL}</arg>
<arg>${BROWSER}</arg>
<doc>Opens a new browser instance to the optional ``url``.</doc>
<msg timestamp="20211031 21:40:02.704" level="INFO">Opening browser 'Chrome' to base url 'http://test.mukeshtiwari.com/cascading_dropdown/'.</msg>
<status status="PASS" starttime="20211031 21:40:02.704" endtime="20211031 21:40:10.404"/>
</kw>
<kw name="Maximize Browser Window" library="SeleniumLibrary">
<doc>Maximizes current browser window.</doc>
<status status="PASS" starttime="20211031 21:40:10.405" endtime="20211031 21:40:10.550"/>
</kw>
<status status="PASS" starttime="20211031 21:40:02.704" endtime="20211031 21:40:10.550"/>
</kw>
<test id="s1-t1" name="Animal Lion">
<kw name="Select By Value And Label To Verify Selection">
<arg>Animal</arg>
<arg>Lion</arg>
<kw name="Select From List By Value" library="SeleniumLibrary">
<arg>${pcategoryLocator}</arg>
<arg>${pcategoryValue}</arg>
<doc>Selects options from selection list ``locator`` by ``values``.</doc>
<msg timestamp="20211031 21:40:10.552" level="INFO">Selecting options from selection list 'id:pcategory' by value Animal.</msg>
<status status="PASS" starttime="20211031 21:40:10.551" endtime="20211031 21:40:10.741"/>
</kw>
<kw name="Select From List By Label" library="SeleniumLibrary">
<arg>${categoryLocator}</arg>
<arg>${categoryLabel}</arg>
<doc>Selects options from selection list ``locator`` by ``labels``.</doc>
<msg timestamp="20211031 21:40:10.742" level="INFO">Selecting options from selection list 'id:category' by label Lion.</msg>
<status status="PASS" starttime="20211031 21:40:10.741" endtime="20211031 21:40:10.798"/>
</kw>
<kw name="List Selection Should Be" library="SeleniumLibrary">
<arg>${categoryLocator}</arg>
<arg>${categoryLabel}</arg>
<doc>Verifies selection list ``locator`` has ``expected`` options selected.</doc>
<msg timestamp="20211031 21:40:10.799" level="INFO">Verifying list 'id:category' has option [ Lion ] selected.</msg>
<msg timestamp="20211031 21:40:10.805" level="INFO">Current page contains list 'id:category'.</msg>
<status status="PASS" starttime="20211031 21:40:10.798" endtime="20211031 21:40:10.870"/>
</kw>
<status status="PASS" starttime="20211031 21:40:10.551" endtime="20211031 21:40:10.870"/>
</kw>
<status status="PASS" starttime="20211031 21:40:10.550" endtime="20211031 21:40:10.870"/>
</test>
<test id="s1-t2" name="Animal Tiger">
<kw name="Select By Value And Label To Verify Selection">
<arg>Animal</arg>
<arg>Tiger</arg>
<kw name="Select From List By Value" library="SeleniumLibrary">
<arg>${pcategoryLocator}</arg>
<arg>${pcategoryValue}</arg>
<doc>Selects options from selection list ``locator`` by ``values``.</doc>
<msg timestamp="20211031 21:40:10.871" level="INFO">Selecting options from selection list 'id:pcategory' by value Animal.</msg>
<status status="PASS" starttime="20211031 21:40:10.871" endtime="20211031 21:40:10.890"/>
</kw>
<kw name="Select From List By Label" library="SeleniumLibrary">
<arg>${categoryLocator}</arg>
<arg>${categoryLabel}</arg>
<doc>Selects options from selection list ``locator`` by ``labels``.</doc>
<msg timestamp="20211031 21:40:10.890" level="INFO">Selecting options from selection list 'id:category' by label Tiger.</msg>
<status status="PASS" starttime="20211031 21:40:10.890" endtime="20211031 21:40:10.922"/>
</kw>
<kw name="List Selection Should Be" library="SeleniumLibrary">
<arg>${categoryLocator}</arg>
<arg>${categoryLabel}</arg>
<doc>Verifies selection list ``locator`` has ``expected`` options selected.</doc>
<msg timestamp="20211031 21:40:10.923" level="INFO">Verifying list 'id:category' has option [ Tiger ] selected.</msg>
<msg timestamp="20211031 21:40:10.929" level="INFO">Current page contains list 'id:category'.</msg>
<status status="PASS" starttime="20211031 21:40:10.922" endtime="20211031 21:40:10.967"/>
</kw>
<status status="PASS" starttime="20211031 21:40:10.871" endtime="20211031 21:40:10.967"/>
</kw>
<status status="PASS" starttime="20211031 21:40:10.870" endtime="20211031 21:40:10.967"/>
</test>
<test id="s1-t3" name="Animal Elephant">
<kw name="Select By Value And Label To Verify Selection">
<arg>Animal</arg>
<arg>Elephant</arg>
<kw name="Select From List By Value" library="SeleniumLibrary">
<arg>${pcategoryLocator}</arg>
<arg>${pcategoryValue}</arg>
<doc>Selects options from selection list ``locator`` by ``values``.</doc>
<msg timestamp="20211031 21:40:10.968" level="INFO">Selecting options from selection list 'id:pcategory' by value Animal.</msg>
<status status="PASS" starttime="20211031 21:40:10.968" endtime="20211031 21:40:10.986"/>
</kw>
<kw name="Select From List By Label" library="SeleniumLibrary">
<arg>${categoryLocator}</arg>
<arg>${categoryLabel}</arg>
<doc>Selects options from selection list ``locator`` by ``labels``.</doc>
<msg timestamp="20211031 21:40:10.986" level="INFO">Selecting options from selection list 'id:category' by label Elephant.</msg>
<status status="PASS" starttime="20211031 21:40:10.986" endtime="20211031 21:40:11.019"/>
</kw>
<kw name="List Selection Should Be" library="SeleniumLibrary">
<arg>${categoryLocator}</arg>
<arg>${categoryLabel}</arg>
<doc>Verifies selection list ``locator`` has ``expected`` options selected.</doc>
<msg timestamp="20211031 21:40:11.019" level="INFO">Verifying list 'id:category' has option [ Elephant ] selected.</msg>
<msg timestamp="20211031 21:40:11.025" level="INFO">Current page contains list 'id:category'.</msg>
<status status="PASS" starttime="20211031 21:40:11.019" endtime="20211031 21:40:11.060"/>
</kw>
<status status="PASS" starttime="20211031 21:40:10.968" endtime="20211031 21:40:11.061"/>
</kw>
<status status="PASS" starttime="20211031 21:40:10.968" endtime="20211031 21:40:11.061"/>
</test>
<test id="s1-t4" name="Animal Hippo">
<kw name="Select By Value And Label To Verify Selection">
<arg>Animal</arg>
<arg>Hippo</arg>
<kw name="Select From List By Value" library="SeleniumLibrary">
<arg>${pcategoryLocator}</arg>
<arg>${pcategoryValue}</arg>
<doc>Selects options from selection list ``locator`` by ``values``.</doc>
<msg timestamp="20211031 21:40:11.062" level="INFO">Selecting options from selection list 'id:pcategory' by value Animal.</msg>
<status status="PASS" starttime="20211031 21:40:11.061" endtime="20211031 21:40:11.087"/>
</kw>
<kw name="Select From List By Label" library="SeleniumLibrary">
<arg>${categoryLocator}</arg>
<arg>${categoryLabel}</arg>
<doc>Selects options from selection list ``locator`` by ``labels``.</doc>
<msg timestamp="20211031 21:40:11.087" level="INFO">Selecting options from selection list 'id:category' by label Hippo.</msg>
<status status="PASS" starttime="20211031 21:40:11.087" endtime="20211031 21:40:11.130"/>
</kw>
<kw name="List Selection Should Be" library="SeleniumLibrary">
<arg>${categoryLocator}</arg>
<arg>${categoryLabel}</arg>
<doc>Verifies selection list ``locator`` has ``expected`` options selected.</doc>
<msg timestamp="20211031 21:40:11.130" level="INFO">Verifying list 'id:category' has option [ Hippo ] selected.</msg>
<msg timestamp="20211031 21:40:11.137" level="INFO">Current page contains list 'id:category'.</msg>
<status status="PASS" starttime="20211031 21:40:11.130" endtime="20211031 21:40:11.175"/>
</kw>
<status status="PASS" starttime="20211031 21:40:11.061" endtime="20211031 21:40:11.175"/>
</kw>
<status status="PASS" starttime="20211031 21:40:11.061" endtime="20211031 21:40:11.175"/>
</test>
<test id="s1-t5" name="Bike Bajaj">
<kw name="Select By Value And Label To Verify Selection">
<arg>Bike</arg>
<arg>Bajaj</arg>
<kw name="Select From List By Value" library="SeleniumLibrary">
<arg>${pcategoryLocator}</arg>
<arg>${pcategoryValue}</arg>
<doc>Selects options from selection list ``locator`` by ``values``.</doc>
<msg timestamp="20211031 21:40:11.176" level="INFO">Selecting options from selection list 'id:pcategory' by value Bike.</msg>
<status status="PASS" starttime="20211031 21:40:11.176" endtime="20211031 21:40:11.210"/>
</kw>
<kw name="Select From List By Label" library="SeleniumLibrary">
<arg>${categoryLocator}</arg>
<arg>${categoryLabel}</arg>
<doc>Selects options from selection list ``locator`` by ``labels``.</doc>
<msg timestamp="20211031 21:40:11.210" level="INFO">Selecting options from selection list 'id:category' by label Bajaj.</msg>
<status status="PASS" starttime="20211031 21:40:11.210" endtime="20211031 21:40:11.233"/>
</kw>
<kw name="List Selection Should Be" library="SeleniumLibrary">
<arg>${categoryLocator}</arg>
<arg>${categoryLabel}</arg>
<doc>Verifies selection list ``locator`` has ``expected`` options selected.</doc>
<msg timestamp="20211031 21:40:11.233" level="INFO">Verifying list 'id:category' has option [ Bajaj ] selected.</msg>
<msg timestamp="20211031 21:40:11.239" level="INFO">Current page contains list 'id:category'.</msg>
<status status="PASS" starttime="20211031 21:40:11.233" endtime="20211031 21:40:11.288"/>
</kw>
<status status="PASS" starttime="20211031 21:40:11.176" endtime="20211031 21:40:11.288"/>
</kw>
<status status="PASS" starttime="20211031 21:40:11.175" endtime="20211031 21:40:11.288"/>
</test>
<test id="s1-t6" name="Bike Hero">
<kw name="Select By Value And Label To Verify Selection">
<arg>Bike</arg>
<arg>Hero</arg>
<kw name="Select From List By Value" library="SeleniumLibrary">
<arg>${pcategoryLocator}</arg>
<arg>${pcategoryValue}</arg>
<doc>Selects options from selection list ``locator`` by ``values``.</doc>
<msg timestamp="20211031 21:40:11.289" level="INFO">Selecting options from selection list 'id:pcategory' by value Bike.</msg>
<status status="PASS" starttime="20211031 21:40:11.289" endtime="20211031 21:40:11.306"/>
</kw>
<kw name="Select From List By Label" library="SeleniumLibrary">
<arg>${categoryLocator}</arg>
<arg>${categoryLabel}</arg>
<doc>Selects options from selection list ``locator`` by ``labels``.</doc>
<msg timestamp="20211031 21:40:11.306" level="INFO">Selecting options from selection list 'id:category' by label Hero.</msg>
<status status="PASS" starttime="20211031 21:40:11.306" endtime="20211031 21:40:11.338"/>
</kw>
<kw name="List Selection Should Be" library="SeleniumLibrary">
<arg>${categoryLocator}</arg>
<arg>${categoryLabel}</arg>
<doc>Verifies selection list ``locator`` has ``expected`` options selected.</doc>
<msg timestamp="20211031 21:40:11.339" level="INFO">Verifying list 'id:category' has option [ Hero ] selected.</msg>
<msg timestamp="20211031 21:40:11.345" level="INFO">Current page contains list 'id:category'.</msg>
<status status="PASS" starttime="20211031 21:40:11.339" endtime="20211031 21:40:11.385"/>
</kw>
<status status="PASS" starttime="20211031 21:40:11.289" endtime="20211031 21:40:11.386"/>
</kw>
<status status="PASS" starttime="20211031 21:40:11.289" endtime="20211031 21:40:11.386"/>
</test>
<test id="s1-t7" name="Bike TVS">
<kw name="Select By Value And Label To Verify Selection">
<arg>Bike</arg>
<arg>TVS</arg>
<kw name="Select From List By Value" library="SeleniumLibrary">
<arg>${pcategoryLocator}</arg>
<arg>${pcategoryValue}</arg>
<doc>Selects options from selection list ``locator`` by ``values``.</doc>
<msg timestamp="20211031 21:40:11.387" level="INFO">Selecting options from selection list 'id:pcategory' by value Bike.</msg>
<status status="PASS" starttime="20211031 21:40:11.386" endtime="20211031 21:40:11.403"/>
</kw>
<kw name="Select From List By Label" library="SeleniumLibrary">
<arg>${categoryLocator}</arg>
<arg>${categoryLabel}</arg>
<doc>Selects options from selection list ``locator`` by ``labels``.</doc>
<msg timestamp="20211031 21:40:11.404" level="INFO">Selecting options from selection list 'id:category' by label TVS.</msg>
<status status="PASS" starttime="20211031 21:40:11.403" endtime="20211031 21:40:11.434"/>
</kw>
<kw name="List Selection Should Be" library="SeleniumLibrary">
<arg>${categoryLocator}</arg>
<arg>${categoryLabel}</arg>
<doc>Verifies selection list ``locator`` has ``expected`` options selected.</doc>
<msg timestamp="20211031 21:40:11.434" level="INFO">Verifying list 'id:category' has option [ TVS ] selected.</msg>
<msg timestamp="20211031 21:40:11.440" level="INFO">Current page contains list 'id:category'.</msg>
<status status="PASS" starttime="20211031 21:40:11.434" endtime="20211031 21:40:11.479"/>
</kw>
<status status="PASS" starttime="20211031 21:40:11.386" endtime="20211031 21:40:11.479"/>
</kw>
<status status="PASS" starttime="20211031 21:40:11.386" endtime="20211031 21:40:11.479"/>
</test>
<test id="s1-t8" name="Bike Bullet">
<kw name="Select By Value And Label To Verify Selection">
<arg>Bike</arg>
<arg>Bullet</arg>
<kw name="Select From List By Value" library="SeleniumLibrary">
<arg>${pcategoryLocator}</arg>
<arg>${pcategoryValue}</arg>
<doc>Selects options from selection list ``locator`` by ``values``.</doc>
<msg timestamp="20211031 21:40:11.480" level="INFO">Selecting options from selection list 'id:pcategory' by value Bike.</msg>
<status status="PASS" starttime="20211031 21:40:11.480" endtime="20211031 21:40:11.496"/>
</kw>
<kw name="Select From List By Label" library="SeleniumLibrary">
<arg>${categoryLocator}</arg>
<arg>${categoryLabel}</arg>
<doc>Selects options from selection list ``locator`` by ``labels``.</doc>
<msg timestamp="20211031 21:40:11.496" level="INFO">Selecting options from selection list 'id:category' by label Bullet.</msg>
<status status="PASS" starttime="20211031 21:40:11.496" endtime="20211031 21:40:11.526"/>
</kw>
<kw name="List Selection Should Be" library="SeleniumLibrary">
<arg>${categoryLocator}</arg>
<arg>${categoryLabel}</arg>
<doc>Verifies selection list ``locator`` has ``expected`` options selected.</doc>
<msg timestamp="20211031 21:40:11.527" level="INFO">Verifying list 'id:category' has option [ Bullet ] selected.</msg>
<msg timestamp="20211031 21:40:11.532" level="INFO">Current page contains list 'id:category'.</msg>
<status status="PASS" starttime="20211031 21:40:11.527" endtime="20211031 21:40:11.569"/>
</kw>
<status status="PASS" starttime="20211031 21:40:11.480" endtime="20211031 21:40:11.569"/>
</kw>
<status status="PASS" starttime="20211031 21:40:11.479" endtime="20211031 21:40:11.569"/>
</test>
<test id="s1-t9" name="Bike Hayabusa">
<kw name="Select By Value And Label To Verify Selection">
<arg>Bike</arg>
<arg>Hayabusa</arg>
<kw name="Select From List By Value" library="SeleniumLibrary">
<arg>${pcategoryLocator}</arg>
<arg>${pcategoryValue}</arg>
<doc>Selects options from selection list ``locator`` by ``values``.</doc>
<msg timestamp="20211031 21:40:11.570" level="INFO">Selecting options from selection list 'id:pcategory' by value Bike.</msg>
<status status="PASS" starttime="20211031 21:40:11.570" endtime="20211031 21:40:11.587"/>
</kw>
<kw name="Select From List By Label" library="SeleniumLibrary">
<arg>${categoryLocator}</arg>
<arg>${categoryLabel}</arg>
<doc>Selects options from selection list ``locator`` by ``labels``.</doc>
<msg timestamp="20211031 21:40:11.587" level="INFO">Selecting options from selection list 'id:category' by label Hayabusa.</msg>
<status status="PASS" starttime="20211031 21:40:11.587" endtime="20211031 21:40:11.617"/>
</kw>
<kw name="List Selection Should Be" library="SeleniumLibrary">
<arg>${categoryLocator}</arg>
<arg>${categoryLabel}</arg>
<doc>Verifies selection list ``locator`` has ``expected`` options selected.</doc>
<msg timestamp="20211031 21:40:11.617" level="INFO">Verifying list 'id:category' has option [ Hayabusa ] selected.</msg>
<msg timestamp="20211031 21:40:11.622" level="INFO">Current page contains list 'id:category'.</msg>
<status status="PASS" starttime="20211031 21:40:11.617" endtime="20211031 21:40:11.659"/>
</kw>
<status status="PASS" starttime="20211031 21:40:11.570" endtime="20211031 21:40:11.659"/>
</kw>
<status status="PASS" starttime="20211031 21:40:11.570" endtime="20211031 21:40:11.659"/>
</test>
<test id="s1-t10" name="Cars Mercedes">
<kw name="Select By Value And Label To Verify Selection">
<arg>Cars</arg>
<arg>Mercedes</arg>
<kw name="Select From List By Value" library="SeleniumLibrary">
<arg>${pcategoryLocator}</arg>
<arg>${pcategoryValue}</arg>
<doc>Selects options from selection list ``locator`` by ``values``.</doc>
<msg timestamp="20211031 21:40:11.660" level="INFO">Selecting options from selection list 'id:pcategory' by value Cars.</msg>
<status status="PASS" starttime="20211031 21:40:11.660" endtime="20211031 21:40:11.726"/>
</kw>
<kw name="Select From List By Label" library="SeleniumLibrary">
<arg>${categoryLocator}</arg>
<arg>${categoryLabel}</arg>
<doc>Selects options from selection list ``locator`` by ``labels``.</doc>
<msg timestamp="20211031 21:40:11.726" level="INFO">Selecting options from selection list 'id:category' by label Mercedes.</msg>
<status status="PASS" starttime="20211031 21:40:11.726" endtime="20211031 21:40:11.749"/>
</kw>
<kw name="List Selection Should Be" library="SeleniumLibrary">
<arg>${categoryLocator}</arg>
<arg>${categoryLabel}</arg>
<doc>Verifies selection list ``locator`` has ``expected`` options selected.</doc>
<msg timestamp="20211031 21:40:11.749" level="INFO">Verifying list 'id:category' has option [ Mercedes ] selected.</msg>
<msg timestamp="20211031 21:40:11.754" level="INFO">Current page contains list 'id:category'.</msg>
<status status="PASS" starttime="20211031 21:40:11.749" endtime="20211031 21:40:11.795"/>
</kw>
<status status="PASS" starttime="20211031 21:40:11.660" endtime="20211031 21:40:11.795"/>
</kw>
<status status="PASS" starttime="20211031 21:40:11.660" endtime="20211031 21:40:11.795"/>
</test>
<test id="s1-t11" name="Cars BMW">
<kw name="Select By Value And Label To Verify Selection">
<arg>Cars</arg>
<arg>BMW</arg>
<kw name="Select From List By Value" library="SeleniumLibrary">
<arg>${pcategoryLocator}</arg>
<arg>${pcategoryValue}</arg>
<doc>Selects options from selection list ``locator`` by ``values``.</doc>
<msg timestamp="20211031 21:40:11.796" level="INFO">Selecting options from selection list 'id:pcategory' by value Cars.</msg>
<status status="PASS" starttime="20211031 21:40:11.796" endtime="20211031 21:40:11.812"/>
</kw>
<kw name="Select From List By Label" library="SeleniumLibrary">
<arg>${categoryLocator}</arg>
<arg>${categoryLabel}</arg>
<doc>Selects options from selection list ``locator`` by ``labels``.</doc>
<msg timestamp="20211031 21:40:11.812" level="INFO">Selecting options from selection list 'id:category' by label BMW.</msg>
<status status="PASS" starttime="20211031 21:40:11.812" endtime="20211031 21:40:11.844"/>
</kw>
<kw name="List Selection Should Be" library="SeleniumLibrary">
<arg>${categoryLocator}</arg>
<arg>${categoryLabel}</arg>
<doc>Verifies selection list ``locator`` has ``expected`` options selected.</doc>
<msg timestamp="20211031 21:40:11.844" level="INFO">Verifying list 'id:category' has option [ BMW ] selected.</msg>
<msg timestamp="20211031 21:40:11.850" level="INFO">Current page contains list 'id:category'.</msg>
<status status="PASS" starttime="20211031 21:40:11.844" endtime="20211031 21:40:11.886"/>
</kw>
<status status="PASS" starttime="20211031 21:40:11.795" endtime="20211031 21:40:11.886"/>
</kw>
<status status="PASS" starttime="20211031 21:40:11.795" endtime="20211031 21:40:11.886"/>
</test>
<test id="s1-t12" name="Cars Maruti">
<kw name="Select By Value And Label To Verify Selection">
<arg>Cars</arg>
<arg>Maruti</arg>
<kw name="Select From List By Value" library="SeleniumLibrary">
<arg>${pcategoryLocator}</arg>
<arg>${pcategoryValue}</arg>
<doc>Selects options from selection list ``locator`` by ``values``.</doc>
<msg timestamp="20211031 21:40:11.887" level="INFO">Selecting options from selection list 'id:pcategory' by value Cars.</msg>
<status status="PASS" starttime="20211031 21:40:11.887" endtime="20211031 21:40:11.904"/>
</kw>
<kw name="Select From List By Label" library="SeleniumLibrary">
<arg>${categoryLocator}</arg>
<arg>${categoryLabel}</arg>
<doc>Selects options from selection list ``locator`` by ``labels``.</doc>
<msg timestamp="20211031 21:40:11.904" level="INFO">Selecting options from selection list 'id:category' by label Maruti.</msg>
<status status="PASS" starttime="20211031 21:40:11.904" endtime="20211031 21:40:11.946"/>
</kw>
<kw name="List Selection Should Be" library="SeleniumLibrary">
<arg>${categoryLocator}</arg>
<arg>${categoryLabel}</arg>
<doc>Verifies selection list ``locator`` has ``expected`` options selected.</doc>
<msg timestamp="20211031 21:40:11.946" level="INFO">Verifying list 'id:category' has option [ Maruti ] selected.</msg>
<msg timestamp="20211031 21:40:11.951" level="INFO">Current page contains list 'id:category'.</msg>
<status status="PASS" starttime="20211031 21:40:11.946" endtime="20211031 21:40:11.985"/>
</kw>
<status status="PASS" starttime="20211031 21:40:11.887" endtime="20211031 21:40:11.985"/>
</kw>
<status status="PASS" starttime="20211031 21:40:11.887" endtime="20211031 21:40:11.986"/>
</test>
<test id="s1-t13" name="Cars Volkswagen">
<kw name="Select By Value And Label To Verify Selection">
<arg>Cars</arg>
<arg>Volkswagen</arg>
<kw name="Select From List By Value" library="SeleniumLibrary">
<arg>${pcategoryLocator}</arg>
<arg>${pcategoryValue}</arg>
<doc>Selects options from selection list ``locator`` by ``values``.</doc>
<msg timestamp="20211031 21:40:11.986" level="INFO">Selecting options from selection list 'id:pcategory' by value Cars.</msg>
<status status="PASS" starttime="20211031 21:40:11.986" endtime="20211031 21:40:12.002"/>
</kw>
<kw name="Select From List By Label" library="SeleniumLibrary">
<arg>${categoryLocator}</arg>
<arg>${categoryLabel}</arg>
<doc>Selects options from selection list ``locator`` by ``labels``.</doc>
<msg timestamp="20211031 21:40:12.003" level="INFO">Selecting options from selection list 'id:category' by label Volkswagen.</msg>
<status status="PASS" starttime="20211031 21:40:12.002" endtime="20211031 21:40:12.034"/>
</kw>
<kw name="List Selection Should Be" library="SeleniumLibrary">
<arg>${categoryLocator}</arg>
<arg>${categoryLabel}</arg>
<doc>Verifies selection list ``locator`` has ``expected`` options selected.</doc>
<msg timestamp="20211031 21:40:12.034" level="INFO">Verifying list 'id:category' has option [ Volkswagen ] selected.</msg>
<msg timestamp="20211031 21:40:12.040" level="INFO">Current page contains list 'id:category'.</msg>
<status status="PASS" starttime="20211031 21:40:12.034" endtime="20211031 21:40:12.078"/>
</kw>
<status status="PASS" starttime="20211031 21:40:11.986" endtime="20211031 21:40:12.078"/>
</kw>
<status status="PASS" starttime="20211031 21:40:11.986" endtime="20211031 21:40:12.078"/>
</test>
<kw name="Close All Browsers" library="SeleniumLibrary" type="TEARDOWN">
<doc>Closes all open browsers and resets the browser cache.</doc>
<status status="PASS" starttime="20211031 21:40:12.079" endtime="20211031 21:40:12.146"/>
</kw>
<status status="PASS" starttime="20211031 21:40:02.599" endtime="20211031 21:40:12.147"/>
</suite>
<statistics>
<total>
<stat pass="13" fail="0" skip="0">All Tests</stat>
</total>
<tag>
</tag>
<suite>
<stat pass="13" fail="0" skip="0" id="s1" name="Dropdown Without Csv">Dropdown Without Csv</stat>
</suite>
</statistics>
<errors>
</errors>
</robot>
