<?xml version="1.0" encoding="UTF-8"?>
<robot generator="Robot 4.1.1 (Python 3.9.9 on darwin)" generated="20220126 10:57:27.543" rpa="false" schemaversion="2">
<suite id="s1" name="Dropdown With Csv" source="/Users/mukeshtiwari/Documents/shastra/ncore_app/robotframework-dropdown-sample/Test_Suites/dropdown_with_csv.robot">
<kw name="Browser Setup" type="SETUP">
<kw name="Open Browser" library="SeleniumLibrary">
<arg>${URL}</arg>
<arg>${BROWSER}</arg>
<doc>Opens a new browser instance to the optional ``url``.</doc>
<msg timestamp="20220126 10:57:28.244" level="INFO">Opening browser 'Chrome' to base url 'http://test.mukeshtiwari.com/cascading_dropdown/'.</msg>
<status status="PASS" starttime="20220126 10:57:28.244" endtime="20220126 10:57:33.938"/>
</kw>
<kw name="Maximize Browser Window" library="SeleniumLibrary">
<doc>Maximizes current browser window.</doc>
<status status="PASS" starttime="20220126 10:57:33.942" endtime="20220126 10:57:34.077"/>
</kw>
<status status="PASS" starttime="20220126 10:57:28.244" endtime="20220126 10:57:34.078"/>
</kw>
<test id="s1-t1" name="Animal Lion">
<kw name="Select By Value And Label To Verify Selection">
<arg>Animal</arg>
<arg>Lion</arg>
<kw name="Select From List By Value" library="SeleniumLibrary">
<arg>${pcategoryLocator}</arg>
<arg>${pcategoryValue}</arg>
<doc>Selects options from selection list ``locator`` by ``values``.</doc>
<msg timestamp="20220126 10:57:34.083" level="INFO">Selecting options from selection list 'id:pcategory' by value Animal.</msg>
<status status="PASS" starttime="20220126 10:57:34.082" endtime="20220126 10:57:34.313"/>
</kw>
<kw name="Select From List By Label" library="SeleniumLibrary">
<arg>${categoryLocator}</arg>
<arg>${categoryLabel}</arg>
<doc>Selects options from selection list ``locator`` by ``labels``.</doc>
<msg timestamp="20220126 10:57:34.314" level="INFO">Selecting options from selection list 'id:category' by label Lion.</msg>
<status status="PASS" starttime="20220126 10:57:34.314" endtime="20220126 10:57:34.381"/>
</kw>
<kw name="List Selection Should Be" library="SeleniumLibrary">
<arg>${categoryLocator}</arg>
<arg>${categoryLabel}</arg>
<doc>Verifies selection list ``locator`` has ``expected`` options selected.</doc>
<msg timestamp="20220126 10:57:34.381" level="INFO">Verifying list 'id:category' has option [ Lion ] selected.</msg>
<msg timestamp="20220126 10:57:34.387" level="INFO">Current page contains list 'id:category'.</msg>
<status status="PASS" starttime="20220126 10:57:34.381" endtime="20220126 10:57:34.456"/>
</kw>
<status status="PASS" starttime="20220126 10:57:34.082" endtime="20220126 10:57:34.456"/>
</kw>
<status status="PASS" starttime="20220126 10:57:34.078" endtime="20220126 10:57:34.456"/>
</test>
<test id="s1-t2" name="Animal Tiger">
<kw name="Select By Value And Label To Verify Selection">
<arg>Animal</arg>
<arg>Tiger</arg>
<kw name="Select From List By Value" library="SeleniumLibrary">
<arg>${pcategoryLocator}</arg>
<arg>${pcategoryValue}</arg>
<doc>Selects options from selection list ``locator`` by ``values``.</doc>
<msg timestamp="20220126 10:57:34.458" level="INFO">Selecting options from selection list 'id:pcategory' by value Animal.</msg>
<status status="PASS" starttime="20220126 10:57:34.458" endtime="20220126 10:57:34.480"/>
</kw>
<kw name="Select From List By Label" library="SeleniumLibrary">
<arg>${categoryLocator}</arg>
<arg>${categoryLabel}</arg>
<doc>Selects options from selection list ``locator`` by ``labels``.</doc>
<msg timestamp="20220126 10:57:34.480" level="INFO">Selecting options from selection list 'id:category' by label Tiger.</msg>
<status status="PASS" starttime="20220126 10:57:34.480" endtime="20220126 10:57:34.513"/>
</kw>
<kw name="List Selection Should Be" library="SeleniumLibrary">
<arg>${categoryLocator}</arg>
<arg>${categoryLabel}</arg>
<doc>Verifies selection list ``locator`` has ``expected`` options selected.</doc>
<msg timestamp="20220126 10:57:34.513" level="INFO">Verifying list 'id:category' has option [ Tiger ] selected.</msg>
<msg timestamp="20220126 10:57:34.518" level="INFO">Current page contains list 'id:category'.</msg>
<status status="PASS" starttime="20220126 10:57:34.513" endtime="20220126 10:57:34.559"/>
</kw>
<status status="PASS" starttime="20220126 10:57:34.458" endtime="20220126 10:57:34.559"/>
</kw>
<status status="PASS" starttime="20220126 10:57:34.456" endtime="20220126 10:57:34.559"/>
</test>
<test id="s1-t3" name="Animal Elephant">
<kw name="Select By Value And Label To Verify Selection">
<arg>Animal</arg>
<arg>Elephant</arg>
<kw name="Select From List By Value" library="SeleniumLibrary">
<arg>${pcategoryLocator}</arg>
<arg>${pcategoryValue}</arg>
<doc>Selects options from selection list ``locator`` by ``values``.</doc>
<msg timestamp="20220126 10:57:34.561" level="INFO">Selecting options from selection list 'id:pcategory' by value Animal.</msg>
<status status="PASS" starttime="20220126 10:57:34.561" endtime="20220126 10:57:34.578"/>
</kw>
<kw name="Select From List By Label" library="SeleniumLibrary">
<arg>${categoryLocator}</arg>
<arg>${categoryLabel}</arg>
<doc>Selects options from selection list ``locator`` by ``labels``.</doc>
<msg timestamp="20220126 10:57:34.578" level="INFO">Selecting options from selection list 'id:category' by label Elephant.</msg>
<status status="PASS" starttime="20220126 10:57:34.578" endtime="20220126 10:57:34.612"/>
</kw>
<kw name="List Selection Should Be" library="SeleniumLibrary">
<arg>${categoryLocator}</arg>
<arg>${categoryLabel}</arg>
<doc>Verifies selection list ``locator`` has ``expected`` options selected.</doc>
<msg timestamp="20220126 10:57:34.612" level="INFO">Verifying list 'id:category' has option [ Elephant ] selected.</msg>
<msg timestamp="20220126 10:57:34.618" level="INFO">Current page contains list 'id:category'.</msg>
<status status="PASS" starttime="20220126 10:57:34.612" endtime="20220126 10:57:34.658"/>
</kw>
<status status="PASS" starttime="20220126 10:57:34.560" endtime="20220126 10:57:34.658"/>
</kw>
<status status="PASS" starttime="20220126 10:57:34.559" endtime="20220126 10:57:34.658"/>
</test>
<test id="s1-t4" name="Animal Hippo">
<kw name="Select By Value And Label To Verify Selection">
<arg>Animal</arg>
<arg>Hippo</arg>
<kw name="Select From List By Value" library="SeleniumLibrary">
<arg>${pcategoryLocator}</arg>
<arg>${pcategoryValue}</arg>
<doc>Selects options from selection list ``locator`` by ``values``.</doc>
<msg timestamp="20220126 10:57:34.660" level="INFO">Selecting options from selection list 'id:pcategory' by value Animal.</msg>
<status status="PASS" starttime="20220126 10:57:34.660" endtime="20220126 10:57:34.680"/>
</kw>
<kw name="Select From List By Label" library="SeleniumLibrary">
<arg>${categoryLocator}</arg>
<arg>${categoryLabel}</arg>
<doc>Selects options from selection list ``locator`` by ``labels``.</doc>
<msg timestamp="20220126 10:57:34.680" level="INFO">Selecting options from selection list 'id:category' by label Hippo.</msg>
<status status="PASS" starttime="20220126 10:57:34.680" endtime="20220126 10:57:34.714"/>
</kw>
<kw name="List Selection Should Be" library="SeleniumLibrary">
<arg>${categoryLocator}</arg>
<arg>${categoryLabel}</arg>
<doc>Verifies selection list ``locator`` has ``expected`` options selected.</doc>
<msg timestamp="20220126 10:57:34.714" level="INFO">Verifying list 'id:category' has option [ Hippo ] selected.</msg>
<msg timestamp="20220126 10:57:34.721" level="INFO">Current page contains list 'id:category'.</msg>
<status status="PASS" starttime="20220126 10:57:34.714" endtime="20220126 10:57:34.759"/>
</kw>
<status status="PASS" starttime="20220126 10:57:34.660" endtime="20220126 10:57:34.759"/>
</kw>
<status status="PASS" starttime="20220126 10:57:34.658" endtime="20220126 10:57:34.759"/>
</test>
<test id="s1-t5" name="Bike Bajaj">
<kw name="Select By Value And Label To Verify Selection">
<arg>Bike</arg>
<arg>Bajaj</arg>
<kw name="Select From List By Value" library="SeleniumLibrary">
<arg>${pcategoryLocator}</arg>
<arg>${pcategoryValue}</arg>
<doc>Selects options from selection list ``locator`` by ``values``.</doc>
<msg timestamp="20220126 10:57:34.761" level="INFO">Selecting options from selection list 'id:pcategory' by value Bike.</msg>
<status status="PASS" starttime="20220126 10:57:34.761" endtime="20220126 10:57:34.799"/>
</kw>
<kw name="Select From List By Label" library="SeleniumLibrary">
<arg>${categoryLocator}</arg>
<arg>${categoryLabel}</arg>
<doc>Selects options from selection list ``locator`` by ``labels``.</doc>
<msg timestamp="20220126 10:57:34.799" level="INFO">Selecting options from selection list 'id:category' by label Bajaj.</msg>
<status status="PASS" starttime="20220126 10:57:34.799" endtime="20220126 10:57:34.823"/>
</kw>
<kw name="List Selection Should Be" library="SeleniumLibrary">
<arg>${categoryLocator}</arg>
<arg>${categoryLabel}</arg>
<doc>Verifies selection list ``locator`` has ``expected`` options selected.</doc>
<msg timestamp="20220126 10:57:34.823" level="INFO">Verifying list 'id:category' has option [ Bajaj ] selected.</msg>
<msg timestamp="20220126 10:57:34.828" level="INFO">Current page contains list 'id:category'.</msg>
<status status="PASS" starttime="20220126 10:57:34.823" endtime="20220126 10:57:34.882"/>
</kw>
<status status="PASS" starttime="20220126 10:57:34.760" endtime="20220126 10:57:34.882"/>
</kw>
<status status="PASS" starttime="20220126 10:57:34.759" endtime="20220126 10:57:34.882"/>
</test>
<test id="s1-t6" name="Bike Hero">
<kw name="Select By Value And Label To Verify Selection">
<arg>Bike</arg>
<arg>Hero</arg>
<kw name="Select From List By Value" library="SeleniumLibrary">
<arg>${pcategoryLocator}</arg>
<arg>${pcategoryValue}</arg>
<doc>Selects options from selection list ``locator`` by ``values``.</doc>
<msg timestamp="20220126 10:57:34.884" level="INFO">Selecting options from selection list 'id:pcategory' by value Bike.</msg>
<status status="PASS" starttime="20220126 10:57:34.883" endtime="20220126 10:57:34.905"/>
</kw>
<kw name="Select From List By Label" library="SeleniumLibrary">
<arg>${categoryLocator}</arg>
<arg>${categoryLabel}</arg>
<doc>Selects options from selection list ``locator`` by ``labels``.</doc>
<msg timestamp="20220126 10:57:34.906" level="INFO">Selecting options from selection list 'id:category' by label Hero.</msg>
<status status="PASS" starttime="20220126 10:57:34.906" endtime="20220126 10:57:34.938"/>
</kw>
<kw name="List Selection Should Be" library="SeleniumLibrary">
<arg>${categoryLocator}</arg>
<arg>${categoryLabel}</arg>
<doc>Verifies selection list ``locator`` has ``expected`` options selected.</doc>
<msg timestamp="20220126 10:57:34.939" level="INFO">Verifying list 'id:category' has option [ Hero ] selected.</msg>
<msg timestamp="20220126 10:57:34.945" level="INFO">Current page contains list 'id:category'.</msg>
<status status="PASS" starttime="20220126 10:57:34.938" endtime="20220126 10:57:34.996"/>
</kw>
<status status="PASS" starttime="20220126 10:57:34.883" endtime="20220126 10:57:34.997"/>
</kw>
<status status="PASS" starttime="20220126 10:57:34.882" endtime="20220126 10:57:34.997"/>
</test>
<test id="s1-t7" name="Bike TVS">
<kw name="Select By Value And Label To Verify Selection">
<arg>Bike</arg>
<arg>TVS</arg>
<kw name="Select From List By Value" library="SeleniumLibrary">
<arg>${pcategoryLocator}</arg>
<arg>${pcategoryValue}</arg>
<doc>Selects options from selection list ``locator`` by ``values``.</doc>
<msg timestamp="20220126 10:57:34.998" level="INFO">Selecting options from selection list 'id:pcategory' by value Bike.</msg>
<status status="PASS" starttime="20220126 10:57:34.998" endtime="20220126 10:57:35.016"/>
</kw>
<kw name="Select From List By Label" library="SeleniumLibrary">
<arg>${categoryLocator}</arg>
<arg>${categoryLabel}</arg>
<doc>Selects options from selection list ``locator`` by ``labels``.</doc>
<msg timestamp="20220126 10:57:35.016" level="INFO">Selecting options from selection list 'id:category' by label TVS.</msg>
<status status="PASS" starttime="20220126 10:57:35.016" endtime="20220126 10:57:35.050"/>
</kw>
<kw name="List Selection Should Be" library="SeleniumLibrary">
<arg>${categoryLocator}</arg>
<arg>${categoryLabel}</arg>
<doc>Verifies selection list ``locator`` has ``expected`` options selected.</doc>
<msg timestamp="20220126 10:57:35.050" level="INFO">Verifying list 'id:category' has option [ TVS ] selected.</msg>
<msg timestamp="20220126 10:57:35.057" level="INFO">Current page contains list 'id:category'.</msg>
<status status="PASS" starttime="20220126 10:57:35.050" endtime="20220126 10:57:35.094"/>
</kw>
<status status="PASS" starttime="20220126 10:57:34.998" endtime="20220126 10:57:35.095"/>
</kw>
<status status="PASS" starttime="20220126 10:57:34.997" endtime="20220126 10:57:35.095"/>
</test>
<test id="s1-t8" name="Bike Bullet">
<kw name="Select By Value And Label To Verify Selection">
<arg>Bike</arg>
<arg>Bullet</arg>
<kw name="Select From List By Value" library="SeleniumLibrary">
<arg>${pcategoryLocator}</arg>
<arg>${pcategoryValue}</arg>
<doc>Selects options from selection list ``locator`` by ``values``.</doc>
<msg timestamp="20220126 10:57:35.097" level="INFO">Selecting options from selection list 'id:pcategory' by value Bike.</msg>
<status status="PASS" starttime="20220126 10:57:35.097" endtime="20220126 10:57:35.114"/>
</kw>
<kw name="Select From List By Label" library="SeleniumLibrary">
<arg>${categoryLocator}</arg>
<arg>${categoryLabel}</arg>
<doc>Selects options from selection list ``locator`` by ``labels``.</doc>
<msg timestamp="20220126 10:57:35.114" level="INFO">Selecting options from selection list 'id:category' by label Bullet.</msg>
<status status="PASS" starttime="20220126 10:57:35.114" endtime="20220126 10:57:35.145"/>
</kw>
<kw name="List Selection Should Be" library="SeleniumLibrary">
<arg>${categoryLocator}</arg>
<arg>${categoryLabel}</arg>
<doc>Verifies selection list ``locator`` has ``expected`` options selected.</doc>
<msg timestamp="20220126 10:57:35.146" level="INFO">Verifying list 'id:category' has option [ Bullet ] selected.</msg>
<msg timestamp="20220126 10:57:35.152" level="INFO">Current page contains list 'id:category'.</msg>
<status status="PASS" starttime="20220126 10:57:35.146" endtime="20220126 10:57:35.190"/>
</kw>
<status status="PASS" starttime="20220126 10:57:35.097" endtime="20220126 10:57:35.190"/>
</kw>
<status status="PASS" starttime="20220126 10:57:35.096" endtime="20220126 10:57:35.190"/>
</test>
<test id="s1-t9" name="Bike Hayabusa">
<kw name="Select By Value And Label To Verify Selection">
<arg>Bike</arg>
<arg>Hayabusa</arg>
<kw name="Select From List By Value" library="SeleniumLibrary">
<arg>${pcategoryLocator}</arg>
<arg>${pcategoryValue}</arg>
<doc>Selects options from selection list ``locator`` by ``values``.</doc>
<msg timestamp="20220126 10:57:35.192" level="INFO">Selecting options from selection list 'id:pcategory' by value Bike.</msg>
<status status="PASS" starttime="20220126 10:57:35.192" endtime="20220126 10:57:35.208"/>
</kw>
<kw name="Select From List By Label" library="SeleniumLibrary">
<arg>${categoryLocator}</arg>
<arg>${categoryLabel}</arg>
<doc>Selects options from selection list ``locator`` by ``labels``.</doc>
<msg timestamp="20220126 10:57:35.209" level="INFO">Selecting options from selection list 'id:category' by label Hayabusa.</msg>
<status status="PASS" starttime="20220126 10:57:35.208" endtime="20220126 10:57:35.239"/>
</kw>
<kw name="List Selection Should Be" library="SeleniumLibrary">
<arg>${categoryLocator}</arg>
<arg>${categoryLabel}</arg>
<doc>Verifies selection list ``locator`` has ``expected`` options selected.</doc>
<msg timestamp="20220126 10:57:35.239" level="INFO">Verifying list 'id:category' has option [ Hayabusa ] selected.</msg>
<msg timestamp="20220126 10:57:35.244" level="INFO">Current page contains list 'id:category'.</msg>
<status status="PASS" starttime="20220126 10:57:35.239" endtime="20220126 10:57:35.280"/>
</kw>
<status status="PASS" starttime="20220126 10:57:35.192" endtime="20220126 10:57:35.280"/>
</kw>
<status status="PASS" starttime="20220126 10:57:35.190" endtime="20220126 10:57:35.280"/>
</test>
<test id="s1-t10" name="Cars Mercedes">
<kw name="Select By Value And Label To Verify Selection">
<arg>Cars</arg>
<arg>Mercedes</arg>
<kw name="Select From List By Value" library="SeleniumLibrary">
<arg>${pcategoryLocator}</arg>
<arg>${pcategoryValue}</arg>
<doc>Selects options from selection list ``locator`` by ``values``.</doc>
<msg timestamp="20220126 10:57:35.282" level="INFO">Selecting options from selection list 'id:pcategory' by value Cars.</msg>
<status status="PASS" starttime="20220126 10:57:35.282" endtime="20220126 10:57:35.359"/>
</kw>
<kw name="Select From List By Label" library="SeleniumLibrary">
<arg>${categoryLocator}</arg>
<arg>${categoryLabel}</arg>
<doc>Selects options from selection list ``locator`` by ``labels``.</doc>
<msg timestamp="20220126 10:57:35.360" level="INFO">Selecting options from selection list 'id:category' by label Mercedes.</msg>
<status status="PASS" starttime="20220126 10:57:35.359" endtime="20220126 10:57:35.384"/>
</kw>
<kw name="List Selection Should Be" library="SeleniumLibrary">
<arg>${categoryLocator}</arg>
<arg>${categoryLabel}</arg>
<doc>Verifies selection list ``locator`` has ``expected`` options selected.</doc>
<msg timestamp="20220126 10:57:35.385" level="INFO">Verifying list 'id:category' has option [ Mercedes ] selected.</msg>
<msg timestamp="20220126 10:57:35.390" level="INFO">Current page contains list 'id:category'.</msg>
<status status="PASS" starttime="20220126 10:57:35.384" endtime="20220126 10:57:35.432"/>
</kw>
<status status="PASS" starttime="20220126 10:57:35.281" endtime="20220126 10:57:35.432"/>
</kw>
<status status="PASS" starttime="20220126 10:57:35.280" endtime="20220126 10:57:35.433"/>
</test>
<test id="s1-t11" name="Cars BMW">
<kw name="Select By Value And Label To Verify Selection">
<arg>Cars</arg>
<arg>BMW</arg>
<kw name="Select From List By Value" library="SeleniumLibrary">
<arg>${pcategoryLocator}</arg>
<arg>${pcategoryValue}</arg>
<doc>Selects options from selection list ``locator`` by ``values``.</doc>
<msg timestamp="20220126 10:57:35.435" level="INFO">Selecting options from selection list 'id:pcategory' by value Cars.</msg>
<status status="PASS" starttime="20220126 10:57:35.434" endtime="20220126 10:57:35.452"/>
</kw>
<kw name="Select From List By Label" library="SeleniumLibrary">
<arg>${categoryLocator}</arg>
<arg>${categoryLabel}</arg>
<doc>Selects options from selection list ``locator`` by ``labels``.</doc>
<msg timestamp="20220126 10:57:35.453" level="INFO">Selecting options from selection list 'id:category' by label BMW.</msg>
<status status="PASS" starttime="20220126 10:57:35.452" endtime="20220126 10:57:35.484"/>
</kw>
<kw name="List Selection Should Be" library="SeleniumLibrary">
<arg>${categoryLocator}</arg>
<arg>${categoryLabel}</arg>
<doc>Verifies selection list ``locator`` has ``expected`` options selected.</doc>
<msg timestamp="20220126 10:57:35.485" level="INFO">Verifying list 'id:category' has option [ BMW ] selected.</msg>
<msg timestamp="20220126 10:57:35.490" level="INFO">Current page contains list 'id:category'.</msg>
<status status="PASS" starttime="20220126 10:57:35.484" endtime="20220126 10:57:35.526"/>
</kw>
<status status="PASS" starttime="20220126 10:57:35.434" endtime="20220126 10:57:35.526"/>
</kw>
<status status="PASS" starttime="20220126 10:57:35.433" endtime="20220126 10:57:35.526"/>
</test>
<test id="s1-t12" name="Cars Maruti">
<kw name="Select By Value And Label To Verify Selection">
<arg>Cars</arg>
<arg>Maruti</arg>
<kw name="Select From List By Value" library="SeleniumLibrary">
<arg>${pcategoryLocator}</arg>
<arg>${pcategoryValue}</arg>
<doc>Selects options from selection list ``locator`` by ``values``.</doc>
<msg timestamp="20220126 10:57:35.528" level="INFO">Selecting options from selection list 'id:pcategory' by value Cars.</msg>
<status status="PASS" starttime="20220126 10:57:35.528" endtime="20220126 10:57:35.546"/>
</kw>
<kw name="Select From List By Label" library="SeleniumLibrary">
<arg>${categoryLocator}</arg>
<arg>${categoryLabel}</arg>
<doc>Selects options from selection list ``locator`` by ``labels``.</doc>
<msg timestamp="20220126 10:57:35.546" level="INFO">Selecting options from selection list 'id:category' by label Maruti.</msg>
<status status="PASS" starttime="20220126 10:57:35.546" endtime="20220126 10:57:35.577"/>
</kw>
<kw name="List Selection Should Be" library="SeleniumLibrary">
<arg>${categoryLocator}</arg>
<arg>${categoryLabel}</arg>
<doc>Verifies selection list ``locator`` has ``expected`` options selected.</doc>
<msg timestamp="20220126 10:57:35.577" level="INFO">Verifying list 'id:category' has option [ Maruti ] selected.</msg>
<msg timestamp="20220126 10:57:35.583" level="INFO">Current page contains list 'id:category'.</msg>
<status status="PASS" starttime="20220126 10:57:35.577" endtime="20220126 10:57:35.621"/>
</kw>
<status status="PASS" starttime="20220126 10:57:35.527" endtime="20220126 10:57:35.621"/>
</kw>
<status status="PASS" starttime="20220126 10:57:35.527" endtime="20220126 10:57:35.621"/>
</test>
<test id="s1-t13" name="Cars Volkswagen">
<kw name="Select By Value And Label To Verify Selection">
<arg>Cars</arg>
<arg>Volkswagen</arg>
<kw name="Select From List By Value" library="SeleniumLibrary">
<arg>${pcategoryLocator}</arg>
<arg>${pcategoryValue}</arg>
<doc>Selects options from selection list ``locator`` by ``values``.</doc>
<msg timestamp="20220126 10:57:35.623" level="INFO">Selecting options from selection list 'id:pcategory' by value Cars.</msg>
<status status="PASS" starttime="20220126 10:57:35.623" endtime="20220126 10:57:35.642"/>
</kw>
<kw name="Select From List By Label" library="SeleniumLibrary">
<arg>${categoryLocator}</arg>
<arg>${categoryLabel}</arg>
<doc>Selects options from selection list ``locator`` by ``labels``.</doc>
<msg timestamp="20220126 10:57:35.642" level="INFO">Selecting options from selection list 'id:category' by label Volkswagen.</msg>
<status status="PASS" starttime="20220126 10:57:35.642" endtime="20220126 10:57:35.672"/>
</kw>
<kw name="List Selection Should Be" library="SeleniumLibrary">
<arg>${categoryLocator}</arg>
<arg>${categoryLabel}</arg>
<doc>Verifies selection list ``locator`` has ``expected`` options selected.</doc>
<msg timestamp="20220126 10:57:35.673" level="INFO">Verifying list 'id:category' has option [ Volkswagen ] selected.</msg>
<msg timestamp="20220126 10:57:35.679" level="INFO">Current page contains list 'id:category'.</msg>
<status status="PASS" starttime="20220126 10:57:35.672" endtime="20220126 10:57:35.714"/>
</kw>
<status status="PASS" starttime="20220126 10:57:35.622" endtime="20220126 10:57:35.714"/>
</kw>
<status status="PASS" starttime="20220126 10:57:35.621" endtime="20220126 10:57:35.714"/>
</test>
<kw name="Close All Browsers" library="SeleniumLibrary" type="TEARDOWN">
<doc>Closes all open browsers and resets the browser cache.</doc>
<status status="PASS" starttime="20220126 10:57:35.715" endtime="20220126 10:57:35.782"/>
</kw>
<status status="PASS" starttime="20220126 10:57:27.544" endtime="20220126 10:57:35.782"/>
</suite>
<statistics>
<total>
<stat pass="13" fail="0" skip="0">All Tests</stat>
</total>
<tag>
</tag>
<suite>
<stat pass="13" fail="0" skip="0" id="s1" name="Dropdown With Csv">Dropdown With Csv</stat>
</suite>
</statistics>
<errors>
</errors>
</robot>
