<?xml version="1.0" encoding="UTF-8"?>
<robot generator="Robot 4.1.1 (Python 3.9.1 on darwin)" generated="20211031 21:40:26.376" rpa="false" schemaversion="2">
<suite id="s1" name="Dropdown With Csv" source="/Users/mukeshtiwari/Documents/shastra/ncore_app/robotframework-dropdown-sample/dropdown_with_csv.robot">
<kw name="Browser Setup" type="SETUP">
<kw name="Open Browser" library="SeleniumLibrary">
<arg>${URL}</arg>
<arg>${BROWSER}</arg>
<doc>Opens a new browser instance to the optional ``url``.</doc>
<msg timestamp="20211031 21:40:26.954" level="INFO">Opening browser 'Chrome' to base url 'http://test.mukeshtiwari.com/cascading_dropdown/'.</msg>
<status status="PASS" starttime="20211031 21:40:26.954" endtime="20211031 21:40:31.181"/>
</kw>
<kw name="Maximize Browser Window" library="SeleniumLibrary">
<doc>Maximizes current browser window.</doc>
<status status="PASS" starttime="20211031 21:40:31.181" endtime="20211031 21:40:31.323"/>
</kw>
<status status="PASS" starttime="20211031 21:40:26.953" endtime="20211031 21:40:31.324"/>
</kw>
<test id="s1-t1" name="Animal Lion">
<kw name="Select By Value And Label To Verify Selection">
<arg>Animal</arg>
<arg>Lion</arg>
<kw name="Select From List By Value" library="SeleniumLibrary">
<arg>${pcategoryLocator}</arg>
<arg>${pcategoryValue}</arg>
<doc>Selects options from selection list ``locator`` by ``values``.</doc>
<msg timestamp="20211031 21:40:31.327" level="INFO">Selecting options from selection list 'id:pcategory' by value Animal.</msg>
<status status="PASS" starttime="20211031 21:40:31.326" endtime="20211031 21:40:31.545"/>
</kw>
<kw name="Select From List By Label" library="SeleniumLibrary">
<arg>${categoryLocator}</arg>
<arg>${categoryLabel}</arg>
<doc>Selects options from selection list ``locator`` by ``labels``.</doc>
<msg timestamp="20211031 21:40:31.545" level="INFO">Selecting options from selection list 'id:category' by label Lion.</msg>
<status status="PASS" starttime="20211031 21:40:31.545" endtime="20211031 21:40:31.598"/>
</kw>
<kw name="List Selection Should Be" library="SeleniumLibrary">
<arg>${categoryLocator}</arg>
<arg>${categoryLabel}</arg>
<doc>Verifies selection list ``locator`` has ``expected`` options selected.</doc>
<msg timestamp="20211031 21:40:31.598" level="INFO">Verifying list 'id:category' has option [ Lion ] selected.</msg>
<msg timestamp="20211031 21:40:31.604" level="INFO">Current page contains list 'id:category'.</msg>
<status status="PASS" starttime="20211031 21:40:31.598" endtime="20211031 21:40:31.669"/>
</kw>
<status status="PASS" starttime="20211031 21:40:31.326" endtime="20211031 21:40:31.669"/>
</kw>
<status status="PASS" starttime="20211031 21:40:31.324" endtime="20211031 21:40:31.669"/>
</test>
<test id="s1-t2" name="Animal Tiger">
<kw name="Select By Value And Label To Verify Selection">
<arg>Animal</arg>
<arg>Tiger</arg>
<kw name="Select From List By Value" library="SeleniumLibrary">
<arg>${pcategoryLocator}</arg>
<arg>${pcategoryValue}</arg>
<doc>Selects options from selection list ``locator`` by ``values``.</doc>
<msg timestamp="20211031 21:40:31.671" level="INFO">Selecting options from selection list 'id:pcategory' by value Animal.</msg>
<status status="PASS" starttime="20211031 21:40:31.670" endtime="20211031 21:40:31.690"/>
</kw>
<kw name="Select From List By Label" library="SeleniumLibrary">
<arg>${categoryLocator}</arg>
<arg>${categoryLabel}</arg>
<doc>Selects options from selection list ``locator`` by ``labels``.</doc>
<msg timestamp="20211031 21:40:31.690" level="INFO">Selecting options from selection list 'id:category' by label Tiger.</msg>
<status status="PASS" starttime="20211031 21:40:31.690" endtime="20211031 21:40:31.727"/>
</kw>
<kw name="List Selection Should Be" library="SeleniumLibrary">
<arg>${categoryLocator}</arg>
<arg>${categoryLabel}</arg>
<doc>Verifies selection list ``locator`` has ``expected`` options selected.</doc>
<msg timestamp="20211031 21:40:31.727" level="INFO">Verifying list 'id:category' has option [ Tiger ] selected.</msg>
<msg timestamp="20211031 21:40:31.734" level="INFO">Current page contains list 'id:category'.</msg>
<status status="PASS" starttime="20211031 21:40:31.727" endtime="20211031 21:40:31.771"/>
</kw>
<status status="PASS" starttime="20211031 21:40:31.670" endtime="20211031 21:40:31.772"/>
</kw>
<status status="PASS" starttime="20211031 21:40:31.669" endtime="20211031 21:40:31.772"/>
</test>
<test id="s1-t3" name="Animal Elephant">
<kw name="Select By Value And Label To Verify Selection">
<arg>Animal</arg>
<arg>Elephant</arg>
<kw name="Select From List By Value" library="SeleniumLibrary">
<arg>${pcategoryLocator}</arg>
<arg>${pcategoryValue}</arg>
<doc>Selects options from selection list ``locator`` by ``values``.</doc>
<msg timestamp="20211031 21:40:31.773" level="INFO">Selecting options from selection list 'id:pcategory' by value Animal.</msg>
<status status="PASS" starttime="20211031 21:40:31.773" endtime="20211031 21:40:31.789"/>
</kw>
<kw name="Select From List By Label" library="SeleniumLibrary">
<arg>${categoryLocator}</arg>
<arg>${categoryLabel}</arg>
<doc>Selects options from selection list ``locator`` by ``labels``.</doc>
<msg timestamp="20211031 21:40:31.790" level="INFO">Selecting options from selection list 'id:category' by label Elephant.</msg>
<status status="PASS" starttime="20211031 21:40:31.789" endtime="20211031 21:40:31.822"/>
</kw>
<kw name="List Selection Should Be" library="SeleniumLibrary">
<arg>${categoryLocator}</arg>
<arg>${categoryLabel}</arg>
<doc>Verifies selection list ``locator`` has ``expected`` options selected.</doc>
<msg timestamp="20211031 21:40:31.822" level="INFO">Verifying list 'id:category' has option [ Elephant ] selected.</msg>
<msg timestamp="20211031 21:40:31.828" level="INFO">Current page contains list 'id:category'.</msg>
<status status="PASS" starttime="20211031 21:40:31.822" endtime="20211031 21:40:31.866"/>
</kw>
<status status="PASS" starttime="20211031 21:40:31.773" endtime="20211031 21:40:31.866"/>
</kw>
<status status="PASS" starttime="20211031 21:40:31.772" endtime="20211031 21:40:31.866"/>
</test>
<test id="s1-t4" name="Animal Hippo">
<kw name="Select By Value And Label To Verify Selection">
<arg>Animal</arg>
<arg>Hippo</arg>
<kw name="Select From List By Value" library="SeleniumLibrary">
<arg>${pcategoryLocator}</arg>
<arg>${pcategoryValue}</arg>
<doc>Selects options from selection list ``locator`` by ``values``.</doc>
<msg timestamp="20211031 21:40:31.867" level="INFO">Selecting options from selection list 'id:pcategory' by value Animal.</msg>
<status status="PASS" starttime="20211031 21:40:31.867" endtime="20211031 21:40:31.886"/>
</kw>
<kw name="Select From List By Label" library="SeleniumLibrary">
<arg>${categoryLocator}</arg>
<arg>${categoryLabel}</arg>
<doc>Selects options from selection list ``locator`` by ``labels``.</doc>
<msg timestamp="20211031 21:40:31.886" level="INFO">Selecting options from selection list 'id:category' by label Hippo.</msg>
<status status="PASS" starttime="20211031 21:40:31.886" endtime="20211031 21:40:31.921"/>
</kw>
<kw name="List Selection Should Be" library="SeleniumLibrary">
<arg>${categoryLocator}</arg>
<arg>${categoryLabel}</arg>
<doc>Verifies selection list ``locator`` has ``expected`` options selected.</doc>
<msg timestamp="20211031 21:40:31.921" level="INFO">Verifying list 'id:category' has option [ Hippo ] selected.</msg>
<msg timestamp="20211031 21:40:31.927" level="INFO">Current page contains list 'id:category'.</msg>
<status status="PASS" starttime="20211031 21:40:31.921" endtime="20211031 21:40:31.966"/>
</kw>
<status status="PASS" starttime="20211031 21:40:31.867" endtime="20211031 21:40:31.966"/>
</kw>
<status status="PASS" starttime="20211031 21:40:31.866" endtime="20211031 21:40:31.966"/>
</test>
<test id="s1-t5" name="Bike Bajaj">
<kw name="Select By Value And Label To Verify Selection">
<arg>Bike</arg>
<arg>Bajaj</arg>
<kw name="Select From List By Value" library="SeleniumLibrary">
<arg>${pcategoryLocator}</arg>
<arg>${pcategoryValue}</arg>
<doc>Selects options from selection list ``locator`` by ``values``.</doc>
<msg timestamp="20211031 21:40:31.967" level="INFO">Selecting options from selection list 'id:pcategory' by value Bike.</msg>
<status status="PASS" starttime="20211031 21:40:31.967" endtime="20211031 21:40:32.001"/>
</kw>
<kw name="Select From List By Label" library="SeleniumLibrary">
<arg>${categoryLocator}</arg>
<arg>${categoryLabel}</arg>
<doc>Selects options from selection list ``locator`` by ``labels``.</doc>
<msg timestamp="20211031 21:40:32.001" level="INFO">Selecting options from selection list 'id:category' by label Bajaj.</msg>
<status status="PASS" starttime="20211031 21:40:32.001" endtime="20211031 21:40:32.024"/>
</kw>
<kw name="List Selection Should Be" library="SeleniumLibrary">
<arg>${categoryLocator}</arg>
<arg>${categoryLabel}</arg>
<doc>Verifies selection list ``locator`` has ``expected`` options selected.</doc>
<msg timestamp="20211031 21:40:32.024" level="INFO">Verifying list 'id:category' has option [ Bajaj ] selected.</msg>
<msg timestamp="20211031 21:40:32.029" level="INFO">Current page contains list 'id:category'.</msg>
<status status="PASS" starttime="20211031 21:40:32.024" endtime="20211031 21:40:32.077"/>
</kw>
<status status="PASS" starttime="20211031 21:40:31.967" endtime="20211031 21:40:32.077"/>
</kw>
<status status="PASS" starttime="20211031 21:40:31.966" endtime="20211031 21:40:32.077"/>
</test>
<test id="s1-t6" name="Bike Hero">
<kw name="Select By Value And Label To Verify Selection">
<arg>Bike</arg>
<arg>Hero</arg>
<kw name="Select From List By Value" library="SeleniumLibrary">
<arg>${pcategoryLocator}</arg>
<arg>${pcategoryValue}</arg>
<doc>Selects options from selection list ``locator`` by ``values``.</doc>
<msg timestamp="20211031 21:40:32.079" level="INFO">Selecting options from selection list 'id:pcategory' by value Bike.</msg>
<status status="PASS" starttime="20211031 21:40:32.078" endtime="20211031 21:40:32.095"/>
</kw>
<kw name="Select From List By Label" library="SeleniumLibrary">
<arg>${categoryLocator}</arg>
<arg>${categoryLabel}</arg>
<doc>Selects options from selection list ``locator`` by ``labels``.</doc>
<msg timestamp="20211031 21:40:32.096" level="INFO">Selecting options from selection list 'id:category' by label Hero.</msg>
<status status="PASS" starttime="20211031 21:40:32.095" endtime="20211031 21:40:32.128"/>
</kw>
<kw name="List Selection Should Be" library="SeleniumLibrary">
<arg>${categoryLocator}</arg>
<arg>${categoryLabel}</arg>
<doc>Verifies selection list ``locator`` has ``expected`` options selected.</doc>
<msg timestamp="20211031 21:40:32.129" level="INFO">Verifying list 'id:category' has option [ Hero ] selected.</msg>
<msg timestamp="20211031 21:40:32.135" level="INFO">Current page contains list 'id:category'.</msg>
<status status="PASS" starttime="20211031 21:40:32.129" endtime="20211031 21:40:32.174"/>
</kw>
<status status="PASS" starttime="20211031 21:40:32.078" endtime="20211031 21:40:32.174"/>
</kw>
<status status="PASS" starttime="20211031 21:40:32.077" endtime="20211031 21:40:32.174"/>
</test>
<test id="s1-t7" name="Bike TVS">
<kw name="Select By Value And Label To Verify Selection">
<arg>Bike</arg>
<arg>TVS</arg>
<kw name="Select From List By Value" library="SeleniumLibrary">
<arg>${pcategoryLocator}</arg>
<arg>${pcategoryValue}</arg>
<doc>Selects options from selection list ``locator`` by ``values``.</doc>
<msg timestamp="20211031 21:40:32.176" level="INFO">Selecting options from selection list 'id:pcategory' by value Bike.</msg>
<status status="PASS" starttime="20211031 21:40:32.176" endtime="20211031 21:40:32.195"/>
</kw>
<kw name="Select From List By Label" library="SeleniumLibrary">
<arg>${categoryLocator}</arg>
<arg>${categoryLabel}</arg>
<doc>Selects options from selection list ``locator`` by ``labels``.</doc>
<msg timestamp="20211031 21:40:32.195" level="INFO">Selecting options from selection list 'id:category' by label TVS.</msg>
<status status="PASS" starttime="20211031 21:40:32.195" endtime="20211031 21:40:32.226"/>
</kw>
<kw name="List Selection Should Be" library="SeleniumLibrary">
<arg>${categoryLocator}</arg>
<arg>${categoryLabel}</arg>
<doc>Verifies selection list ``locator`` has ``expected`` options selected.</doc>
<msg timestamp="20211031 21:40:32.226" level="INFO">Verifying list 'id:category' has option [ TVS ] selected.</msg>
<msg timestamp="20211031 21:40:32.232" level="INFO">Current page contains list 'id:category'.</msg>
<status status="PASS" starttime="20211031 21:40:32.226" endtime="20211031 21:40:32.267"/>
</kw>
<status status="PASS" starttime="20211031 21:40:32.175" endtime="20211031 21:40:32.267"/>
</kw>
<status status="PASS" starttime="20211031 21:40:32.175" endtime="20211031 21:40:32.267"/>
</test>
<test id="s1-t8" name="Bike Bullet">
<kw name="Select By Value And Label To Verify Selection">
<arg>Bike</arg>
<arg>Bullet</arg>
<kw name="Select From List By Value" library="SeleniumLibrary">
<arg>${pcategoryLocator}</arg>
<arg>${pcategoryValue}</arg>
<doc>Selects options from selection list ``locator`` by ``values``.</doc>
<msg timestamp="20211031 21:40:32.269" level="INFO">Selecting options from selection list 'id:pcategory' by value Bike.</msg>
<status status="PASS" starttime="20211031 21:40:32.269" endtime="20211031 21:40:32.284"/>
</kw>
<kw name="Select From List By Label" library="SeleniumLibrary">
<arg>${categoryLocator}</arg>
<arg>${categoryLabel}</arg>
<doc>Selects options from selection list ``locator`` by ``labels``.</doc>
<msg timestamp="20211031 21:40:32.284" level="INFO">Selecting options from selection list 'id:category' by label Bullet.</msg>
<status status="PASS" starttime="20211031 21:40:32.284" endtime="20211031 21:40:32.313"/>
</kw>
<kw name="List Selection Should Be" library="SeleniumLibrary">
<arg>${categoryLocator}</arg>
<arg>${categoryLabel}</arg>
<doc>Verifies selection list ``locator`` has ``expected`` options selected.</doc>
<msg timestamp="20211031 21:40:32.313" level="INFO">Verifying list 'id:category' has option [ Bullet ] selected.</msg>
<msg timestamp="20211031 21:40:32.319" level="INFO">Current page contains list 'id:category'.</msg>
<status status="PASS" starttime="20211031 21:40:32.313" endtime="20211031 21:40:32.355"/>
</kw>
<status status="PASS" starttime="20211031 21:40:32.268" endtime="20211031 21:40:32.355"/>
</kw>
<status status="PASS" starttime="20211031 21:40:32.268" endtime="20211031 21:40:32.356"/>
</test>
<test id="s1-t9" name="Bike Hayabusa">
<kw name="Select By Value And Label To Verify Selection">
<arg>Bike</arg>
<arg>Hayabusa</arg>
<kw name="Select From List By Value" library="SeleniumLibrary">
<arg>${pcategoryLocator}</arg>
<arg>${pcategoryValue}</arg>
<doc>Selects options from selection list ``locator`` by ``values``.</doc>
<msg timestamp="20211031 21:40:32.357" level="INFO">Selecting options from selection list 'id:pcategory' by value Bike.</msg>
<status status="PASS" starttime="20211031 21:40:32.357" endtime="20211031 21:40:32.373"/>
</kw>
<kw name="Select From List By Label" library="SeleniumLibrary">
<arg>${categoryLocator}</arg>
<arg>${categoryLabel}</arg>
<doc>Selects options from selection list ``locator`` by ``labels``.</doc>
<msg timestamp="20211031 21:40:32.373" level="INFO">Selecting options from selection list 'id:category' by label Hayabusa.</msg>
<status status="PASS" starttime="20211031 21:40:32.373" endtime="20211031 21:40:32.402"/>
</kw>
<kw name="List Selection Should Be" library="SeleniumLibrary">
<arg>${categoryLocator}</arg>
<arg>${categoryLabel}</arg>
<doc>Verifies selection list ``locator`` has ``expected`` options selected.</doc>
<msg timestamp="20211031 21:40:32.402" level="INFO">Verifying list 'id:category' has option [ Hayabusa ] selected.</msg>
<msg timestamp="20211031 21:40:32.408" level="INFO">Current page contains list 'id:category'.</msg>
<status status="PASS" starttime="20211031 21:40:32.402" endtime="20211031 21:40:32.475"/>
</kw>
<status status="PASS" starttime="20211031 21:40:32.357" endtime="20211031 21:40:32.475"/>
</kw>
<status status="PASS" starttime="20211031 21:40:32.356" endtime="20211031 21:40:32.476"/>
</test>
<test id="s1-t10" name="Cars Mercedes">
<kw name="Select By Value And Label To Verify Selection">
<arg>Cars</arg>
<arg>Mercedes</arg>
<kw name="Select From List By Value" library="SeleniumLibrary">
<arg>${pcategoryLocator}</arg>
<arg>${pcategoryValue}</arg>
<doc>Selects options from selection list ``locator`` by ``values``.</doc>
<msg timestamp="20211031 21:40:32.477" level="INFO">Selecting options from selection list 'id:pcategory' by value Cars.</msg>
<status status="PASS" starttime="20211031 21:40:32.477" endtime="20211031 21:40:32.513"/>
</kw>
<kw name="Select From List By Label" library="SeleniumLibrary">
<arg>${categoryLocator}</arg>
<arg>${categoryLabel}</arg>
<doc>Selects options from selection list ``locator`` by ``labels``.</doc>
<msg timestamp="20211031 21:40:32.513" level="INFO">Selecting options from selection list 'id:category' by label Mercedes.</msg>
<status status="PASS" starttime="20211031 21:40:32.513" endtime="20211031 21:40:32.533"/>
</kw>
<kw name="List Selection Should Be" library="SeleniumLibrary">
<arg>${categoryLocator}</arg>
<arg>${categoryLabel}</arg>
<doc>Verifies selection list ``locator`` has ``expected`` options selected.</doc>
<msg timestamp="20211031 21:40:32.534" level="INFO">Verifying list 'id:category' has option [ Mercedes ] selected.</msg>
<msg timestamp="20211031 21:40:32.538" level="INFO">Current page contains list 'id:category'.</msg>
<status status="PASS" starttime="20211031 21:40:32.533" endtime="20211031 21:40:32.578"/>
</kw>
<status status="PASS" starttime="20211031 21:40:32.477" endtime="20211031 21:40:32.579"/>
</kw>
<status status="PASS" starttime="20211031 21:40:32.476" endtime="20211031 21:40:32.579"/>
</test>
<test id="s1-t11" name="Cars BMW">
<kw name="Select By Value And Label To Verify Selection">
<arg>Cars</arg>
<arg>BMW</arg>
<kw name="Select From List By Value" library="SeleniumLibrary">
<arg>${pcategoryLocator}</arg>
<arg>${pcategoryValue}</arg>
<doc>Selects options from selection list ``locator`` by ``values``.</doc>
<msg timestamp="20211031 21:40:32.580" level="INFO">Selecting options from selection list 'id:pcategory' by value Cars.</msg>
<status status="PASS" starttime="20211031 21:40:32.580" endtime="20211031 21:40:32.596"/>
</kw>
<kw name="Select From List By Label" library="SeleniumLibrary">
<arg>${categoryLocator}</arg>
<arg>${categoryLabel}</arg>
<doc>Selects options from selection list ``locator`` by ``labels``.</doc>
<msg timestamp="20211031 21:40:32.596" level="INFO">Selecting options from selection list 'id:category' by label BMW.</msg>
<status status="PASS" starttime="20211031 21:40:32.596" endtime="20211031 21:40:32.627"/>
</kw>
<kw name="List Selection Should Be" library="SeleniumLibrary">
<arg>${categoryLocator}</arg>
<arg>${categoryLabel}</arg>
<doc>Verifies selection list ``locator`` has ``expected`` options selected.</doc>
<msg timestamp="20211031 21:40:32.627" level="INFO">Verifying list 'id:category' has option [ BMW ] selected.</msg>
<msg timestamp="20211031 21:40:32.632" level="INFO">Current page contains list 'id:category'.</msg>
<status status="PASS" starttime="20211031 21:40:32.627" endtime="20211031 21:40:32.667"/>
</kw>
<status status="PASS" starttime="20211031 21:40:32.580" endtime="20211031 21:40:32.667"/>
</kw>
<status status="PASS" starttime="20211031 21:40:32.579" endtime="20211031 21:40:32.667"/>
</test>
<test id="s1-t12" name="Cars Maruti">
<kw name="Select By Value And Label To Verify Selection">
<arg>Cars</arg>
<arg>Maruti</arg>
<kw name="Select From List By Value" library="SeleniumLibrary">
<arg>${pcategoryLocator}</arg>
<arg>${pcategoryValue}</arg>
<doc>Selects options from selection list ``locator`` by ``values``.</doc>
<msg timestamp="20211031 21:40:32.669" level="INFO">Selecting options from selection list 'id:pcategory' by value Cars.</msg>
<status status="PASS" starttime="20211031 21:40:32.668" endtime="20211031 21:40:32.685"/>
</kw>
<kw name="Select From List By Label" library="SeleniumLibrary">
<arg>${categoryLocator}</arg>
<arg>${categoryLabel}</arg>
<doc>Selects options from selection list ``locator`` by ``labels``.</doc>
<msg timestamp="20211031 21:40:32.685" level="INFO">Selecting options from selection list 'id:category' by label Maruti.</msg>
<status status="PASS" starttime="20211031 21:40:32.685" endtime="20211031 21:40:32.716"/>
</kw>
<kw name="List Selection Should Be" library="SeleniumLibrary">
<arg>${categoryLocator}</arg>
<arg>${categoryLabel}</arg>
<doc>Verifies selection list ``locator`` has ``expected`` options selected.</doc>
<msg timestamp="20211031 21:40:32.717" level="INFO">Verifying list 'id:category' has option [ Maruti ] selected.</msg>
<msg timestamp="20211031 21:40:32.722" level="INFO">Current page contains list 'id:category'.</msg>
<status status="PASS" starttime="20211031 21:40:32.717" endtime="20211031 21:40:32.757"/>
</kw>
<status status="PASS" starttime="20211031 21:40:32.668" endtime="20211031 21:40:32.757"/>
</kw>
<status status="PASS" starttime="20211031 21:40:32.667" endtime="20211031 21:40:32.757"/>
</test>
<test id="s1-t13" name="Cars Volkswagen">
<kw name="Select By Value And Label To Verify Selection">
<arg>Cars</arg>
<arg>Volkswagen</arg>
<kw name="Select From List By Value" library="SeleniumLibrary">
<arg>${pcategoryLocator}</arg>
<arg>${pcategoryValue}</arg>
<doc>Selects options from selection list ``locator`` by ``values``.</doc>
<msg timestamp="20211031 21:40:32.758" level="INFO">Selecting options from selection list 'id:pcategory' by value Cars.</msg>
<status status="PASS" starttime="20211031 21:40:32.758" endtime="20211031 21:40:32.775"/>
</kw>
<kw name="Select From List By Label" library="SeleniumLibrary">
<arg>${categoryLocator}</arg>
<arg>${categoryLabel}</arg>
<doc>Selects options from selection list ``locator`` by ``labels``.</doc>
<msg timestamp="20211031 21:40:32.775" level="INFO">Selecting options from selection list 'id:category' by label Volkswagen.</msg>
<status status="PASS" starttime="20211031 21:40:32.775" endtime="20211031 21:40:32.806"/>
</kw>
<kw name="List Selection Should Be" library="SeleniumLibrary">
<arg>${categoryLocator}</arg>
<arg>${categoryLabel}</arg>
<doc>Verifies selection list ``locator`` has ``expected`` options selected.</doc>
<msg timestamp="20211031 21:40:32.806" level="INFO">Verifying list 'id:category' has option [ Volkswagen ] selected.</msg>
<msg timestamp="20211031 21:40:32.812" level="INFO">Current page contains list 'id:category'.</msg>
<status status="PASS" starttime="20211031 21:40:32.806" endtime="20211031 21:40:32.850"/>
</kw>
<status status="PASS" starttime="20211031 21:40:32.758" endtime="20211031 21:40:32.850"/>
</kw>
<status status="PASS" starttime="20211031 21:40:32.757" endtime="20211031 21:40:32.850"/>
</test>
<kw name="Close All Browsers" library="SeleniumLibrary" type="TEARDOWN">
<doc>Closes all open browsers and resets the browser cache.</doc>
<status status="PASS" starttime="20211031 21:40:32.851" endtime="20211031 21:40:32.911"/>
</kw>
<status status="PASS" starttime="20211031 21:40:26.376" endtime="20211031 21:40:32.911"/>
</suite>
<statistics>
<total>
<stat pass="13" fail="0" skip="0">All Tests</stat>
</total>
<tag>
</tag>
<suite>
<stat pass="13" fail="0" skip="0" id="s1" name="Dropdown With Csv">Dropdown With Csv</stat>
</suite>
</statistics>
<errors>
</errors>
</robot>
