<?xml version="1.0" encoding="UTF-8"?>
<robot generator="Robot 4.1.1 (Python 3.9.9 on darwin)" generated="20220126 10:05:49.540" rpa="false" schemaversion="2">
<suite id="s1" name="Selenium Grid Example" source="/Users/mukeshtiwari/Documents/shastra/ncore_app/robotframework-dropdown-sample/selenium_grid_example.robot">
<kw name="Start Browser" type="SETUP">
<doc>Start Chrome browser on Selenium Grid</doc>
<kw name="Open Browser" library="SeleniumLibrary">
<arg>${TEST_URL}</arg>
<arg>${BROWSER}</arg>
<arg>None</arg>
<arg>${HUB_URL}</arg>
<doc>Opens a new browser instance to the optional ``url``.</doc>
<msg timestamp="20220126 10:05:49.662" level="INFO">Opening browser 'Chrome' to base url 'https://www.google.co.in' through remote server at 'http://192.168.53.5:4444/wd/hub'.</msg>
<status status="PASS" starttime="20220126 10:05:49.662" endtime="20220126 10:05:51.178"/>
</kw>
<status status="PASS" starttime="20220126 10:05:49.662" endtime="20220126 10:05:51.178"/>
</kw>
<test id="s1-t1" name="Check something">
<kw name="Title Should Be" library="SeleniumLibrary">
<arg>Google</arg>
<doc>Verifies that the current page title equals ``title``.</doc>
<msg timestamp="20220126 10:05:51.247" level="INFO">Page title is 'Google'.</msg>
<status status="PASS" starttime="20220126 10:05:51.180" endtime="20220126 10:05:51.247"/>
</kw>
<doc>Check the page title</doc>
<status status="PASS" starttime="20220126 10:05:51.178" endtime="20220126 10:05:51.248"/>
</test>
<kw name="Close Browser" library="SeleniumLibrary" type="TEARDOWN">
<doc>Closes the current browser.</doc>
<status status="PASS" starttime="20220126 10:05:51.250" endtime="20220126 10:05:51.367"/>
</kw>
<doc>This is just a tutorial
</doc>
<meta name="VERSION">0.1</meta>
<status status="PASS" starttime="20220126 10:05:49.541" endtime="20220126 10:05:51.367"/>
</suite>
<statistics>
<total>
<stat pass="1" fail="0" skip="0">All Tests</stat>
</total>
<tag>
</tag>
<suite>
<stat pass="1" fail="0" skip="0" id="s1" name="Selenium Grid Example">Selenium Grid Example</stat>
</suite>
</statistics>
<errors>
</errors>
</robot>
