<?xml version="1.0" encoding="UTF-8"?>
<robot generator="Rebot 4.1.1 (Python 3.9.10 on darwin)" generated="20220308 00:15:23.086" rpa="false" schemaversion="2">
<suite id="s1" name="Selenium Grid Example" source="/Users/mukeshtiwari/Documents/shastra/ncore_app/robotframework-dropdown-sample/Test_Suites/selenium_grid_example.robot">
<test id="s1-t1" name="Bike Bajaj">
<kw name="Select By Value And Label To Verify Selection">
<arg>Bike</arg>
<arg>Bajaj</arg>
<kw name="Browser Setup">
<kw name="Create Dictionary" library="BuiltIn">
<var>${desired_caps}</var>
<arg>enableVNC=${True}</arg>
<doc>Creates and returns a dictionary based on the given ``items``.</doc>
<msg timestamp="20220308 00:15:14.974" level="INFO">${desired_caps} = {'enableVNC': True}</msg>
<status status="PASS" starttime="20220308 00:15:14.972" endtime="20220308 00:15:14.974"/>
</kw>
<kw name="Set To Dictionary" library="Collections">
<arg>${desired_caps}</arg>
<arg>name=${SUITE NAME}</arg>
<doc>Adds the given ``key_value_pairs`` and ``items`` to the ``dictionary``.</doc>
<status status="PASS" starttime="20220308 00:15:14.974" endtime="20220308 00:15:14.974"/>
</kw>
<kw name="Open Browser" library="SeleniumLibrary">
<arg>${URL}</arg>
<arg>${BROWSER}</arg>
<arg>None</arg>
<arg>http://${HUB_URL}:4444/wd/hub</arg>
<arg>desired_capabilities=${desired_caps}</arg>
<doc>Opens a new browser instance to the optional ``url``.</doc>
<msg timestamp="20220308 00:15:14.975" level="INFO">Opening browser 'Chrome' to base url 'http://test.mukeshtiwari.com/cascading_dropdown/' through remote server at 'http://test:test-password@192.168.50.173:4444/wd/hub'.</msg>
<status status="PASS" starttime="20220308 00:15:14.975" endtime="20220308 00:15:20.383"/>
</kw>
<kw name="Maximize Browser Window" library="SeleniumLibrary">
<doc>Maximizes current browser window.</doc>
<status status="PASS" starttime="20220308 00:15:20.384" endtime="20220308 00:15:20.577"/>
</kw>
<status status="PASS" starttime="20220308 00:15:14.971" endtime="20220308 00:15:20.579"/>
</kw>
<kw name="Select From List By Value" library="SeleniumLibrary">
<arg>${pcategoryLocator}</arg>
<arg>${pcategoryValue}</arg>
<doc>Selects options from selection list ``locator`` by ``values``.</doc>
<msg timestamp="20220308 00:15:20.582" level="INFO">Selecting options from selection list 'id:pcategory' by value Bike.</msg>
<status status="PASS" starttime="20220308 00:15:20.580" endtime="20220308 00:15:21.126"/>
</kw>
<kw name="Select From List By Label" library="SeleniumLibrary">
<arg>${categoryLocator}</arg>
<arg>${categoryLabel}</arg>
<doc>Selects options from selection list ``locator`` by ``labels``.</doc>
<msg timestamp="20220308 00:15:21.130" level="INFO">Selecting options from selection list 'id:category' by label Bajaj.</msg>
<status status="PASS" starttime="20220308 00:15:21.128" endtime="20220308 00:15:21.578"/>
</kw>
<kw name="List Selection Should Be" library="SeleniumLibrary">
<arg>${categoryLocator}</arg>
<arg>${categoryLabel}</arg>
<doc>Verifies selection list ``locator`` has ``expected`` options selected.</doc>
<msg timestamp="20220308 00:15:21.578" level="INFO">Verifying list 'id:category' has option [ Bajaj ] selected.</msg>
<msg timestamp="20220308 00:15:21.728" level="INFO">Current page contains list 'id:category'.</msg>
<status status="PASS" starttime="20220308 00:15:21.578" endtime="20220308 00:15:22.693"/>
</kw>
<kw name="Log" library="BuiltIn">
<arg>${TEST NAME}</arg>
<doc>Logs the given message with the given level.</doc>
<msg timestamp="20220308 00:15:22.693" level="INFO">Bike Bajaj</msg>
<status status="PASS" starttime="20220308 00:15:22.693" endtime="20220308 00:15:22.693"/>
</kw>
<kw name="Close All Browsers" library="SeleniumLibrary">
<doc>Closes all open browsers and resets the browser cache.</doc>
<status status="PASS" starttime="20220308 00:15:22.694" endtime="20220308 00:15:22.811"/>
</kw>
<status status="PASS" starttime="20220308 00:15:14.970" endtime="20220308 00:15:22.811"/>
</kw>
<tag>bike</tag>
<status status="PASS" starttime="20220308 00:15:14.969" endtime="20220308 00:15:22.811"/>
</test>
<test id="s1-t2" name="Bike Hero">
<kw name="Select By Value And Label To Verify Selection">
<arg>Bike</arg>
<arg>Hero</arg>
<kw name="Browser Setup">
<kw name="Create Dictionary" library="BuiltIn">
<var>${desired_caps}</var>
<arg>enableVNC=${True}</arg>
<doc>Creates and returns a dictionary based on the given ``items``.</doc>
<msg timestamp="20220308 00:15:14.971" level="INFO">${desired_caps} = {'enableVNC': True}</msg>
<status status="PASS" starttime="20220308 00:15:14.970" endtime="20220308 00:15:14.971"/>
</kw>
<kw name="Set To Dictionary" library="Collections">
<arg>${desired_caps}</arg>
<arg>name=${SUITE NAME}</arg>
<doc>Adds the given ``key_value_pairs`` and ``items`` to the ``dictionary``.</doc>
<status status="PASS" starttime="20220308 00:15:14.971" endtime="20220308 00:15:14.972"/>
</kw>
<kw name="Open Browser" library="SeleniumLibrary">
<arg>${URL}</arg>
<arg>${BROWSER}</arg>
<arg>None</arg>
<arg>http://${HUB_URL}:4444/wd/hub</arg>
<arg>desired_capabilities=${desired_caps}</arg>
<doc>Opens a new browser instance to the optional ``url``.</doc>
<msg timestamp="20220308 00:15:14.972" level="INFO">Opening browser 'Chrome' to base url 'http://test.mukeshtiwari.com/cascading_dropdown/' through remote server at 'http://test:test-password@192.168.50.173:4444/wd/hub'.</msg>
<status status="PASS" starttime="20220308 00:15:14.972" endtime="20220308 00:15:18.911"/>
</kw>
<kw name="Maximize Browser Window" library="SeleniumLibrary">
<doc>Maximizes current browser window.</doc>
<status status="PASS" starttime="20220308 00:15:18.912" endtime="20220308 00:15:19.093"/>
</kw>
<status status="PASS" starttime="20220308 00:15:14.969" endtime="20220308 00:15:19.095"/>
</kw>
<kw name="Select From List By Value" library="SeleniumLibrary">
<arg>${pcategoryLocator}</arg>
<arg>${pcategoryValue}</arg>
<doc>Selects options from selection list ``locator`` by ``values``.</doc>
<msg timestamp="20220308 00:15:19.097" level="INFO">Selecting options from selection list 'id:pcategory' by value Bike.</msg>
<status status="PASS" starttime="20220308 00:15:19.096" endtime="20220308 00:15:19.651"/>
</kw>
<kw name="Select From List By Label" library="SeleniumLibrary">
<arg>${categoryLocator}</arg>
<arg>${categoryLabel}</arg>
<doc>Selects options from selection list ``locator`` by ``labels``.</doc>
<msg timestamp="20220308 00:15:19.654" level="INFO">Selecting options from selection list 'id:category' by label Hero.</msg>
<status status="PASS" starttime="20220308 00:15:19.652" endtime="20220308 00:15:20.191"/>
</kw>
<kw name="List Selection Should Be" library="SeleniumLibrary">
<arg>${categoryLocator}</arg>
<arg>${categoryLabel}</arg>
<doc>Verifies selection list ``locator`` has ``expected`` options selected.</doc>
<msg timestamp="20220308 00:15:20.194" level="INFO">Verifying list 'id:category' has option [ Hero ] selected.</msg>
<msg timestamp="20220308 00:15:20.339" level="INFO">Current page contains list 'id:category'.</msg>
<status status="PASS" starttime="20220308 00:15:20.192" endtime="20220308 00:15:21.262"/>
</kw>
<kw name="Log" library="BuiltIn">
<arg>${TEST NAME}</arg>
<doc>Logs the given message with the given level.</doc>
<msg timestamp="20220308 00:15:21.265" level="INFO">Bike Hero</msg>
<status status="PASS" starttime="20220308 00:15:21.264" endtime="20220308 00:15:21.265"/>
</kw>
<kw name="Close All Browsers" library="SeleniumLibrary">
<doc>Closes all open browsers and resets the browser cache.</doc>
<status status="PASS" starttime="20220308 00:15:21.266" endtime="20220308 00:15:21.388"/>
</kw>
<status status="PASS" starttime="20220308 00:15:14.969" endtime="20220308 00:15:21.389"/>
</kw>
<tag>bike</tag>
<status status="PASS" starttime="20220308 00:15:14.968" endtime="20220308 00:15:21.390"/>
</test>
<doc>[https://pabot.org/?ref=log|Pabot] result from 2 executions.</doc>
<status status="PASS" starttime="20220308 00:15:14.792" endtime="20220308 00:15:22.812"/>
</suite>
<statistics>
<total>
<stat pass="2" fail="0" skip="0">All Tests</stat>
</total>
<tag>
<stat pass="2" fail="0" skip="0">bike</stat>
</tag>
<suite>
<stat pass="2" fail="0" skip="0" id="s1" name="Selenium Grid Example">Selenium Grid Example</stat>
</suite>
</statistics>
<errors>
</errors>
</robot>
