<?xml version="1.0" encoding="UTF-8"?>
<robot generator="Robot 4.1.1 (Python 3.9.10 on darwin)" generated="20220226 15:56:02.667" rpa="false" schemaversion="2">
<suite id="s1" name="Selenium Grid Example" source="/Users/mukeshtiwari/Documents/shastra/ncore_app/robotframework-dropdown-sample/Test_Suites/selenium_grid_example.robot">
<kw name="Browser Setup" type="SETUP">
<kw name="Create Dictionary" library="BuiltIn">
<var>${desired_caps}</var>
<arg>enableVNC=${True}</arg>
<doc>Creates and returns a dictionary based on the given ``items``.</doc>
<msg timestamp="20220226 15:56:02.820" level="INFO">${desired_caps} = {'enableVNC': True}</msg>
<status status="PASS" starttime="20220226 15:56:02.820" endtime="20220226 15:56:02.820"/>
</kw>
<kw name="Set To Dictionary" library="Collections">
<arg>${desired_caps}</arg>
<arg>name=${SUITE NAME}</arg>
<doc>Adds the given ``key_value_pairs`` and ``items`` to the ``dictionary``.</doc>
<status status="PASS" starttime="20220226 15:56:02.820" endtime="20220226 15:56:02.820"/>
</kw>
<kw name="Open Browser" library="SeleniumLibrary">
<arg>${URL}</arg>
<arg>${BROWSER}</arg>
<arg>None</arg>
<arg>http://${HUB_URL}:4444/wd/hub</arg>
<arg>desired_capabilities=${desired_caps}</arg>
<doc>Opens a new browser instance to the optional ``url``.</doc>
<msg timestamp="20220226 15:56:02.821" level="INFO">Opening browser 'Chrome' to base url 'http://test.mukeshtiwari.com/cascading_dropdown/' through remote server at 'http://test:test-password@192.168.50.173:4444/wd/hub'.</msg>
<status status="PASS" starttime="20220226 15:56:02.820" endtime="20220226 15:56:09.104"/>
</kw>
<kw name="Maximize Browser Window" library="SeleniumLibrary">
<doc>Maximizes current browser window.</doc>
<status status="PASS" starttime="20220226 15:56:09.104" endtime="20220226 15:56:09.322"/>
</kw>
<status status="PASS" starttime="20220226 15:56:02.819" endtime="20220226 15:56:09.322"/>
</kw>
<test id="s1-t1" name="Animal Lion">
<kw name="Select By Value And Label To Verify Selection">
<arg>Animal</arg>
<arg>Lion</arg>
<kw name="Select From List By Value" library="SeleniumLibrary">
<arg>${pcategoryLocator}</arg>
<arg>${pcategoryValue}</arg>
<doc>Selects options from selection list ``locator`` by ``values``.</doc>
<msg timestamp="20220226 15:56:09.325" level="INFO">Selecting options from selection list 'id:pcategory' by value Animal.</msg>
<status status="PASS" starttime="20220226 15:56:09.324" endtime="20220226 15:56:10.365"/>
</kw>
<kw name="Select From List By Label" library="SeleniumLibrary">
<arg>${categoryLocator}</arg>
<arg>${categoryLabel}</arg>
<doc>Selects options from selection list ``locator`` by ``labels``.</doc>
<msg timestamp="20220226 15:56:10.365" level="INFO">Selecting options from selection list 'id:category' by label Lion.</msg>
<status status="PASS" starttime="20220226 15:56:10.365" endtime="20220226 15:56:11.604"/>
</kw>
<kw name="List Selection Should Be" library="SeleniumLibrary">
<arg>${categoryLocator}</arg>
<arg>${categoryLabel}</arg>
<doc>Verifies selection list ``locator`` has ``expected`` options selected.</doc>
<msg timestamp="20220226 15:56:11.605" level="INFO">Verifying list 'id:category' has option [ Lion ] selected.</msg>
<msg timestamp="20220226 15:56:12.050" level="INFO">Current page contains list 'id:category'.</msg>
<status status="PASS" starttime="20220226 15:56:11.605" endtime="20220226 15:56:14.201"/>
</kw>
<kw name="Log" library="BuiltIn">
<arg>${TEST NAME}</arg>
<doc>Logs the given message with the given level.</doc>
<msg timestamp="20220226 15:56:14.202" level="INFO">Animal Lion</msg>
<status status="PASS" starttime="20220226 15:56:14.201" endtime="20220226 15:56:14.202"/>
</kw>
<status status="PASS" starttime="20220226 15:56:09.323" endtime="20220226 15:56:14.203"/>
</kw>
<status status="PASS" starttime="20220226 15:56:09.322" endtime="20220226 15:56:14.203"/>
</test>
<kw name="Close All Browsers" library="SeleniumLibrary" type="TEARDOWN">
<doc>Closes all open browsers and resets the browser cache.</doc>
<status status="PASS" starttime="20220226 15:56:14.408" endtime="20220226 15:56:14.712"/>
</kw>
<status status="PASS" starttime="20220226 15:56:02.728" endtime="20220226 15:56:14.713"/>
</suite>
<statistics>
<total>
<stat pass="1" fail="0" skip="0">All Tests</stat>
</total>
<tag>
</tag>
<suite>
<stat pass="1" fail="0" skip="0" id="s1" name="Selenium Grid Example">Selenium Grid Example</stat>
</suite>
</statistics>
<errors>
</errors>
</robot>
